<?xml version="1.0" encoding="UTF-8"?>
<!-- Generated by org.testng.reporters.JUnitReportReporter -->
<testsuite hostname="DESKTOP-6MCO3NS" failures="0" tests="4" name="com.qa.opencart.tests.AccountsPageTest" time="1.131" errors="0" timestamp="2024-04-10T14:54:05 IST" skipped="0">
  <testcase classname="com.qa.opencart.tests.AccountsPageTest" name="accountsPageUrlTest" time="0.024"/>
  <testcase classname="com.qa.opencart.tests.AccountsPageTest" name="accountHeaderTest" time="0.178"/>
  <testcase classname="com.qa.opencart.tests.AccountsPageTest" name="accPageTitletest" time="0.781"/>
  <testcase classname="com.qa.opencart.tests.AccountsPageTest" name="isLogoutLinkExistTest" time="0.148"/>
</testsuite> <!-- com.qa.opencart.tests.AccountsPageTest -->
