<?xml version="1.0" encoding="UTF-8"?>
<!-- Generated by org.testng.reporters.JUnitReportReporter -->
<testsuite hostname="DESKTOP-6MCO3NS" failures="0" tests="4" name="com.qa.opencart.tests.LoginPageTest" time="3.227" errors="0" timestamp="2024-04-08T17:26:58 IST" skipped="0">
  <testcase classname="com.qa.opencart.tests.LoginPageTest" name="loginPageTitleTest" time="0.069"/>
  <testcase classname="com.qa.opencart.tests.LoginPageTest" name="forgortPasswordLinkTest" time="1.222"/>
  <testcase classname="com.qa.opencart.tests.LoginPageTest" name="loginPageUrlTest" time="0.034"/>
  <testcase classname="com.qa.opencart.tests.LoginPageTest" name="loginTest" time="1.902"/>
</testsuite> <!-- com.qa.opencart.tests.LoginPageTest -->
